<?xml version="1.0" encoding="UTF-8"?>

<mule xmlns:db="http://www.mulesoft.org/schema/mule/db" xmlns:ee="http://www.mulesoft.org/schema/mule/ee/core"
	xmlns:salesforce="http://www.mulesoft.org/schema/mule/salesforce"
	xmlns:scripting="http://www.mulesoft.org/schema/mule/scripting"
	xmlns:xsi="http://www.w3.org/2001/XMLSchema-instance" xmlns:munit="http://www.mulesoft.org/schema/mule/munit"
	xmlns:munit-tools="http://www.mulesoft.org/schema/mule/munit-tools"
	xmlns="http://www.mulesoft.org/schema/mule/core" xmlns:doc="http://www.mulesoft.org/schema/mule/documentation"
	xsi:schemaLocation="
		http://www.mulesoft.org/schema/mule/core http://www.mulesoft.org/schema/mule/core/current/mule.xsd
		http://www.mulesoft.org/schema/mule/munit http://www.mulesoft.org/schema/mule/munit/current/mule-munit.xsd
		http://www.mulesoft.org/schema/mule/munit-tools  http://www.mulesoft.org/schema/mule/munit-tools/current/mule-munit-tools.xsd
http://www.mulesoft.org/schema/mule/scripting http://www.mulesoft.org/schema/mule/scripting/current/mule-scripting.xsd
http://www.mulesoft.org/schema/mule/salesforce http://www.mulesoft.org/schema/mule/salesforce/current/mule-salesforce.xsd
http://www.mulesoft.org/schema/mule/ee/core http://www.mulesoft.org/schema/mule/ee/core/current/mule-ee.xsd
http://www.mulesoft.org/schema/mule/db http://www.mulesoft.org/schema/mule/db/current/mule-db.xsd">
	<munit:config name="test-suite.xml" doc:name="MUnit configuration" />
	<configuration-properties doc:name="Configuration properties"
		doc:id="c382dc50-b83c-41be-ad31-42ccb929d758" file="mule.test.properties" />
	<munit:before-test name="test-suiteBefore_Test"
		description="Before tests actions" doc:id="7f8facb1-95ae-4456-9448-faf3a3a89dc9">
		<set-variable value="+421999654321" doc:name="Set testedPhone value"
			doc:id="ebf516a3-d0c7-4e5c-8e2c-4fb54810fc47" variableName="testedPhone" />
		<ee:transform doc:name="Prepare testing data for DB"
			doc:id="7c253cc1-4a09-4e71-a9c5-74e5dbbf5848">
			<ee:message>
				<ee:set-payload><![CDATA[%dw 2.0
output application/java
---
[
	{
		FirstName: "TestContact1",
		LastName: "DB2SFDC1",
		Name: "TestContact DB2SFDC1",
		Email: "TestContactDB2SFDC1@testmail.org",
		Phone: "+421904111111"
	},
	{
		FirstName: "TestContact2",
		LastName: "DB2SFDC2",
		Name: "TestContact2 DB2SFDC2",
		Email: "TestContactDB2SFDC2@testmail.org",
		Phone: vars.testedPhone
	}
]]]></ee:set-payload>
			</ee:message>
		</ee:transform>
		<db:bulk-insert doc:name="Insert Contacts to DB"
			doc:id="fa2247fe-f4e5-46fd-a2f9-b725cf3a2bd0" config-ref="Database_Config">
			<db:sql>INSERT INTO Contact (
				FirstName,
				LastName,
				Name,
				Email,
				Phone
				) VALUES (
				:FirstName,
				:LastName,
				:Name,
				:Email,
				:Phone
				)
			</db:sql>
		</db:bulk-insert>
		<ee:transform doc:name="Prepare testing contact for SFDC"
			doc:id="f7476bdd-7562-44bd-a891-a5fb51f29f81">
			<ee:message>
				<ee:set-payload><![CDATA[%dw 2.0
output application/java
---
[
	{
		FirstName: "TestContact2",
		LastName: "DB2SFDC2",
		Email: "TestContactDB2SFDC2@testmail.org",
		Phone: "+421904222222"
	}
]
]]></ee:set-payload>
			</ee:message>
		</ee:transform>
		<salesforce:create doc:name="Create Contact in SFDC"
			doc:id="6e3a84f4-6cbc-475c-8616-86d12f47819e" config-ref="Salesforce_Sfdc_config"
			type="Contact" />
		<set-variable value="#[payload map ($.id)]" doc:name="Store IDs to variable sfdcAIds"
			doc:id="623a0d4f-c873-45e6-a7ee-89bc1e194721" variableName="sfdcAIds" />
		<munit-tools:mock-when doc:name="Mock email processor to avoid sending email"
			doc:id="17ab3357-3f08-4456-9f14-c41c281e06f1" processor="email:send">
			<munit-tools:then-return />
		</munit-tools:mock-when>
	</munit:before-test>
	<munit:test name="test-suite-businesslogicFlowTest"
		description="Test" doc:id="4ffcda90-21bf-4cd4-9460-09cf6ca578e5">
		<munit:execution>
			<flow-ref doc:name="businessLogicFlow" doc:id="3e0601a1-1b47-4974-83b0-8d30726559dd"
				name="businessLogicFlow" />
			<scripting:execute doc:name="Sleep for 10s until the processing is completed"
				doc:id="b09fe305-3000-4571-b824-8b555395ccb7" engine="groovy">
				<scripting:code>sleep(10000)</scripting:code>
			</scripting:execute>
			<flow-ref doc:name="insertTest" doc:id="646a758d-9c2b-4aa8-b747-68fef943494e"
				name="insertTest" />
			<flow-ref doc:name="updateTest" doc:id="bb921782-20b4-41df-8aeb-1acb94826e02"
				name="updateTest" />
		</munit:execution>
	</munit:test>
	<sub-flow name="insertTest" doc:id="bb629d7e-cfcf-4909-9671-b9d75fbbcdc7">
		<salesforce:query doc:name="Select test contact 1 from SFDC"
			doc:id="9f174da2-7a51-4e5e-8937-148f6a5531cf" config-ref="Salesforce_Sfdc_config">
			<salesforce:salesforce-query>SELECT Id FROM Contact WHERE LastName =
				'DB2SFDC1'</salesforce:salesforce-query>
		</salesforce:query>
		<munit-tools:assert-that doc:name="Assert that we found contact"
			doc:id="1e559409-a86b-47b9-bb44-cbcac54c4ade" expression="#[sizeOf(payload)]"
			is="#[MunitTools::equalTo(1)]" />
		<salesforce:delete doc:name="Delete test contact 1"
			doc:id="bb885dfe-2825-4a78-928b-7e30c9118c01" config-ref="Salesforce_Sfdc_config">
			<salesforce:delete-ids><![CDATA[#[[payload[0].Id]]]]></salesforce:delete-ids>
		</salesforce:delete>
	</sub-flow>
	<sub-flow name="updateTest" doc:id="eb2c1733-e157-4563-9321-829a688c161f">
		<salesforce:query doc:name="Select test account 2"
			doc:id="eb801266-1f1a-465e-9709-30e91798e974" config-ref="Salesforce_Sfdc_config">
			<salesforce:salesforce-query>SELECT Phone, Id FROM Contact WHERE
				LastName = 'DB2SFDC2'</salesforce:salesforce-query>
		</salesforce:query>
		<munit-tools:assert-that doc:name="Assert that Phone of Contact was changed"
			doc:id="798bd6c1-88b2-4cc9-916d-ed7cb4adc0c8" expression="#[payload[0].Phone]"
			is='#[MunitTools::equalTo(vars.testedPhone)]' />
		<salesforce:delete doc:name="Delete test contact 2"
			doc:id="3c7258cd-495f-42d9-a39b-8d816b30e379" config-ref="Salesforce_Sfdc_config">
			<salesforce:delete-ids><![CDATA[#[[payload[0].Id]]]]></salesforce:delete-ids>
		</salesforce:delete>
	</sub-flow>
	<munit:after-test name="test-suiteAfter_Test"
		description="After tests actions" doc:id="5b85bb9e-67e6-47f7-8f71-53a39f147fc8">
		<db:delete doc:name="Delete Accounts from DB" doc:id="6aff5b09-2af5-4627-8aa7-a0ac361bbd81"
			config-ref="Database_Config">
			<db:sql>DELETE FROM Contact WHERE LastName LIKE 'DB2SFDC%'</db:sql>
		</db:delete>
	</munit:after-test>


</mule>